{"/Users/lgorka/gridu/date-master/unitTestingTask.js": {"path":"/Users/lgorka/gridu/date-master/unitTestingTask.js","all":false,"statementMap":{"0":{"start":{"line":1,"column":0},"end":{"line":1,"column":27}},"1":{"start":{"line":2,"column":0},"end":{"line":2,"column":53}},"2":{"start":{"line":3,"column":0},"end":{"line":3,"column":32}},"3":{"start":{"line":4,"column":0},"end":{"line":4,"column":33}},"4":{"start":{"line":5,"column":0},"end":{"line":5,"column":11}},"5":{"start":{"line":6,"column":0},"end":{"line":6,"column":45}},"6":{"start":{"line":7,"column":0},"end":{"line":7,"column":39}},"7":{"start":{"line":8,"column":0},"end":{"line":8,"column":12}},"8":{"start":{"line":9,"column":0},"end":{"line":9,"column":45}},"9":{"start":{"line":10,"column":0},"end":{"line":10,"column":5}},"10":{"start":{"line":11,"column":0},"end":{"line":11,"column":25}},"11":{"start":{"line":12,"column":0},"end":{"line":12,"column":17}},"12":{"start":{"line":13,"column":0},"end":{"line":13,"column":0}},"13":{"start":{"line":14,"column":0},"end":{"line":14,"column":7}},"14":{"start":{"line":15,"column":0},"end":{"line":15,"column":64}},"15":{"start":{"line":16,"column":0},"end":{"line":16,"column":46}},"16":{"start":{"line":17,"column":0},"end":{"line":17,"column":6}},"17":{"start":{"line":18,"column":0},"end":{"line":18,"column":28}},"18":{"start":{"line":19,"column":0},"end":{"line":19,"column":33}},"19":{"start":{"line":20,"column":0},"end":{"line":20,"column":6}},"20":{"start":{"line":21,"column":0},"end":{"line":21,"column":23}},"21":{"start":{"line":22,"column":0},"end":{"line":22,"column":7}},"22":{"start":{"line":23,"column":0},"end":{"line":23,"column":43}},"23":{"start":{"line":24,"column":0},"end":{"line":24,"column":35}},"24":{"start":{"line":25,"column":0},"end":{"line":25,"column":59}},"25":{"start":{"line":26,"column":0},"end":{"line":26,"column":0}},"26":{"start":{"line":27,"column":0},"end":{"line":27,"column":36}},"27":{"start":{"line":28,"column":0},"end":{"line":28,"column":23}},"28":{"start":{"line":29,"column":0},"end":{"line":29,"column":9}},"29":{"start":{"line":30,"column":0},"end":{"line":30,"column":0}},"30":{"start":{"line":31,"column":0},"end":{"line":31,"column":70}},"31":{"start":{"line":32,"column":0},"end":{"line":32,"column":58}},"32":{"start":{"line":33,"column":0},"end":{"line":33,"column":0}},"33":{"start":{"line":34,"column":0},"end":{"line":34,"column":19}},"34":{"start":{"line":35,"column":0},"end":{"line":35,"column":5}},"35":{"start":{"line":36,"column":0},"end":{"line":36,"column":0}},"36":{"start":{"line":37,"column":0},"end":{"line":37,"column":72}},"37":{"start":{"line":38,"column":0},"end":{"line":38,"column":0}},"38":{"start":{"line":39,"column":0},"end":{"line":39,"column":18}},"39":{"start":{"line":40,"column":0},"end":{"line":40,"column":31}},"40":{"start":{"line":41,"column":0},"end":{"line":41,"column":38}},"41":{"start":{"line":42,"column":0},"end":{"line":42,"column":10}},"42":{"start":{"line":43,"column":0},"end":{"line":43,"column":29}},"43":{"start":{"line":44,"column":0},"end":{"line":44,"column":59}},"44":{"start":{"line":45,"column":0},"end":{"line":45,"column":10}},"45":{"start":{"line":46,"column":0},"end":{"line":46,"column":39}},"46":{"start":{"line":47,"column":0},"end":{"line":47,"column":74}},"47":{"start":{"line":48,"column":0},"end":{"line":48,"column":10}},"48":{"start":{"line":49,"column":0},"end":{"line":49,"column":38}},"49":{"start":{"line":50,"column":0},"end":{"line":50,"column":79}},"50":{"start":{"line":51,"column":0},"end":{"line":51,"column":10}},"51":{"start":{"line":52,"column":0},"end":{"line":52,"column":29}},"52":{"start":{"line":53,"column":0},"end":{"line":53,"column":54}},"53":{"start":{"line":54,"column":0},"end":{"line":54,"column":10}},"54":{"start":{"line":55,"column":0},"end":{"line":55,"column":28}},"55":{"start":{"line":56,"column":0},"end":{"line":56,"column":39}},"56":{"start":{"line":57,"column":0},"end":{"line":57,"column":10}},"57":{"start":{"line":58,"column":0},"end":{"line":58,"column":30}},"58":{"start":{"line":59,"column":0},"end":{"line":59,"column":77}},"59":{"start":{"line":60,"column":0},"end":{"line":60,"column":10}},"60":{"start":{"line":61,"column":0},"end":{"line":61,"column":29}},"61":{"start":{"line":62,"column":0},"end":{"line":62,"column":82}},"62":{"start":{"line":63,"column":0},"end":{"line":63,"column":10}},"63":{"start":{"line":64,"column":0},"end":{"line":64,"column":28}},"64":{"start":{"line":65,"column":0},"end":{"line":65,"column":80}},"65":{"start":{"line":66,"column":0},"end":{"line":66,"column":10}},"66":{"start":{"line":67,"column":0},"end":{"line":67,"column":29}},"67":{"start":{"line":68,"column":0},"end":{"line":68,"column":49}},"68":{"start":{"line":69,"column":0},"end":{"line":69,"column":10}},"69":{"start":{"line":70,"column":0},"end":{"line":70,"column":28}},"70":{"start":{"line":71,"column":0},"end":{"line":71,"column":34}},"71":{"start":{"line":72,"column":0},"end":{"line":72,"column":10}},"72":{"start":{"line":73,"column":0},"end":{"line":73,"column":29}},"73":{"start":{"line":74,"column":0},"end":{"line":74,"column":50}},"74":{"start":{"line":75,"column":0},"end":{"line":75,"column":10}},"75":{"start":{"line":76,"column":0},"end":{"line":76,"column":28}},"76":{"start":{"line":77,"column":0},"end":{"line":77,"column":35}},"77":{"start":{"line":78,"column":0},"end":{"line":78,"column":10}},"78":{"start":{"line":79,"column":0},"end":{"line":79,"column":29}},"79":{"start":{"line":80,"column":0},"end":{"line":80,"column":61}},"80":{"start":{"line":81,"column":0},"end":{"line":81,"column":10}},"81":{"start":{"line":82,"column":0},"end":{"line":82,"column":28}},"82":{"start":{"line":83,"column":0},"end":{"line":83,"column":46}},"83":{"start":{"line":84,"column":0},"end":{"line":84,"column":10}},"84":{"start":{"line":85,"column":0},"end":{"line":85,"column":29}},"85":{"start":{"line":86,"column":0},"end":{"line":86,"column":52}},"86":{"start":{"line":87,"column":0},"end":{"line":87,"column":10}},"87":{"start":{"line":88,"column":0},"end":{"line":88,"column":28}},"88":{"start":{"line":89,"column":0},"end":{"line":89,"column":37}},"89":{"start":{"line":90,"column":0},"end":{"line":90,"column":10}},"90":{"start":{"line":91,"column":0},"end":{"line":91,"column":29}},"91":{"start":{"line":92,"column":0},"end":{"line":92,"column":52}},"92":{"start":{"line":93,"column":0},"end":{"line":93,"column":10}},"93":{"start":{"line":94,"column":0},"end":{"line":94,"column":28}},"94":{"start":{"line":95,"column":0},"end":{"line":95,"column":37}},"95":{"start":{"line":96,"column":0},"end":{"line":96,"column":10}},"96":{"start":{"line":97,"column":0},"end":{"line":97,"column":29}},"97":{"start":{"line":98,"column":0},"end":{"line":98,"column":60}},"98":{"start":{"line":99,"column":0},"end":{"line":99,"column":10}},"99":{"start":{"line":100,"column":0},"end":{"line":100,"column":28}},"100":{"start":{"line":101,"column":0},"end":{"line":101,"column":42}},"101":{"start":{"line":102,"column":0},"end":{"line":102,"column":10}},"102":{"start":{"line":103,"column":0},"end":{"line":103,"column":28}},"103":{"start":{"line":104,"column":0},"end":{"line":104,"column":86}},"104":{"start":{"line":105,"column":0},"end":{"line":105,"column":10}},"105":{"start":{"line":106,"column":0},"end":{"line":106,"column":28}},"106":{"start":{"line":107,"column":0},"end":{"line":107,"column":85}},"107":{"start":{"line":108,"column":0},"end":{"line":108,"column":10}},"108":{"start":{"line":109,"column":0},"end":{"line":109,"column":48}},"109":{"start":{"line":110,"column":0},"end":{"line":110,"column":46}},"110":{"start":{"line":111,"column":0},"end":{"line":111,"column":54}},"111":{"start":{"line":112,"column":0},"end":{"line":112,"column":31}},"112":{"start":{"line":113,"column":0},"end":{"line":113,"column":42}},"113":{"start":{"line":114,"column":0},"end":{"line":114,"column":0}},"114":{"start":{"line":115,"column":0},"end":{"line":115,"column":40}},"115":{"start":{"line":116,"column":0},"end":{"line":116,"column":0}},"116":{"start":{"line":117,"column":0},"end":{"line":117,"column":86}},"117":{"start":{"line":118,"column":0},"end":{"line":118,"column":10}},"118":{"start":{"line":119,"column":0},"end":{"line":119,"column":28}},"119":{"start":{"line":120,"column":0},"end":{"line":120,"column":46}},"120":{"start":{"line":121,"column":0},"end":{"line":121,"column":9}},"121":{"start":{"line":122,"column":0},"end":{"line":122,"column":6}},"122":{"start":{"line":123,"column":0},"end":{"line":123,"column":0}},"123":{"start":{"line":124,"column":0},"end":{"line":124,"column":29}},"124":{"start":{"line":125,"column":0},"end":{"line":125,"column":35}},"125":{"start":{"line":126,"column":0},"end":{"line":126,"column":47}},"126":{"start":{"line":127,"column":0},"end":{"line":127,"column":44}},"127":{"start":{"line":128,"column":0},"end":{"line":128,"column":9}},"128":{"start":{"line":129,"column":0},"end":{"line":129,"column":5}},"129":{"start":{"line":130,"column":0},"end":{"line":130,"column":61}},"130":{"start":{"line":131,"column":0},"end":{"line":131,"column":0}},"131":{"start":{"line":132,"column":0},"end":{"line":132,"column":7}},"132":{"start":{"line":133,"column":0},"end":{"line":133,"column":49}},"133":{"start":{"line":134,"column":0},"end":{"line":134,"column":87}},"134":{"start":{"line":135,"column":0},"end":{"line":135,"column":61}},"135":{"start":{"line":136,"column":0},"end":{"line":136,"column":31}},"136":{"start":{"line":137,"column":0},"end":{"line":137,"column":32}},"137":{"start":{"line":138,"column":0},"end":{"line":138,"column":38}},"138":{"start":{"line":139,"column":0},"end":{"line":139,"column":38}},"139":{"start":{"line":140,"column":0},"end":{"line":140,"column":38}},"140":{"start":{"line":141,"column":0},"end":{"line":141,"column":110}},"141":{"start":{"line":142,"column":0},"end":{"line":142,"column":92}},"142":{"start":{"line":143,"column":0},"end":{"line":143,"column":35}},"143":{"start":{"line":144,"column":0},"end":{"line":144,"column":35}},"144":{"start":{"line":145,"column":0},"end":{"line":145,"column":32}},"145":{"start":{"line":146,"column":0},"end":{"line":146,"column":52}},"146":{"start":{"line":147,"column":0},"end":{"line":147,"column":39}},"147":{"start":{"line":148,"column":0},"end":{"line":148,"column":50}},"148":{"start":{"line":149,"column":0},"end":{"line":149,"column":37}},"149":{"start":{"line":150,"column":0},"end":{"line":150,"column":50}},"150":{"start":{"line":151,"column":0},"end":{"line":151,"column":37}},"151":{"start":{"line":152,"column":0},"end":{"line":152,"column":37}},"152":{"start":{"line":153,"column":0},"end":{"line":153,"column":24}},"153":{"start":{"line":154,"column":0},"end":{"line":154,"column":37}},"154":{"start":{"line":155,"column":0},"end":{"line":155,"column":24}},"155":{"start":{"line":156,"column":0},"end":{"line":156,"column":42}},"156":{"start":{"line":157,"column":0},"end":{"line":157,"column":29}},"157":{"start":{"line":158,"column":0},"end":{"line":158,"column":22}},"158":{"start":{"line":159,"column":0},"end":{"line":159,"column":22}},"159":{"start":{"line":160,"column":0},"end":{"line":160,"column":77}},"160":{"start":{"line":161,"column":0},"end":{"line":161,"column":80}},"161":{"start":{"line":162,"column":0},"end":{"line":162,"column":6}},"162":{"start":{"line":163,"column":0},"end":{"line":163,"column":104}},"163":{"start":{"line":164,"column":0},"end":{"line":164,"column":6}},"164":{"start":{"line":165,"column":0},"end":{"line":165,"column":29}},"165":{"start":{"line":166,"column":0},"end":{"line":166,"column":52}},"166":{"start":{"line":167,"column":0},"end":{"line":167,"column":6}},"167":{"start":{"line":168,"column":0},"end":{"line":168,"column":23}},"168":{"start":{"line":169,"column":0},"end":{"line":169,"column":7}},"169":{"start":{"line":170,"column":0},"end":{"line":170,"column":45}},"170":{"start":{"line":171,"column":0},"end":{"line":171,"column":52}},"171":{"start":{"line":172,"column":0},"end":{"line":172,"column":70}},"172":{"start":{"line":173,"column":0},"end":{"line":173,"column":9}},"173":{"start":{"line":174,"column":0},"end":{"line":174,"column":0}},"174":{"start":{"line":175,"column":0},"end":{"line":175,"column":116}},"175":{"start":{"line":176,"column":0},"end":{"line":176,"column":112}},"176":{"start":{"line":177,"column":0},"end":{"line":177,"column":9}},"177":{"start":{"line":178,"column":0},"end":{"line":178,"column":0}},"178":{"start":{"line":179,"column":0},"end":{"line":179,"column":110}},"179":{"start":{"line":180,"column":0},"end":{"line":180,"column":0}},"180":{"start":{"line":181,"column":0},"end":{"line":181,"column":35}},"181":{"start":{"line":182,"column":0},"end":{"line":182,"column":0}},"182":{"start":{"line":183,"column":0},"end":{"line":183,"column":50}},"183":{"start":{"line":184,"column":0},"end":{"line":184,"column":59}},"184":{"start":{"line":185,"column":0},"end":{"line":185,"column":16}},"185":{"start":{"line":186,"column":0},"end":{"line":186,"column":60}},"186":{"start":{"line":187,"column":0},"end":{"line":187,"column":49}},"187":{"start":{"line":188,"column":0},"end":{"line":188,"column":15}},"188":{"start":{"line":189,"column":0},"end":{"line":189,"column":9}},"189":{"start":{"line":190,"column":0},"end":{"line":190,"column":5}},"190":{"start":{"line":191,"column":0},"end":{"line":191,"column":0}},"191":{"start":{"line":192,"column":0},"end":{"line":192,"column":7}},"192":{"start":{"line":193,"column":0},"end":{"line":193,"column":36}},"193":{"start":{"line":194,"column":0},"end":{"line":194,"column":6}},"194":{"start":{"line":195,"column":0},"end":{"line":195,"column":21}},"195":{"start":{"line":196,"column":0},"end":{"line":196,"column":7}},"196":{"start":{"line":197,"column":0},"end":{"line":197,"column":52}},"197":{"start":{"line":198,"column":0},"end":{"line":198,"column":0}},"198":{"start":{"line":199,"column":0},"end":{"line":199,"column":7}},"199":{"start":{"line":200,"column":0},"end":{"line":200,"column":29}},"200":{"start":{"line":201,"column":0},"end":{"line":201,"column":6}},"201":{"start":{"line":202,"column":0},"end":{"line":202,"column":51}},"202":{"start":{"line":203,"column":0},"end":{"line":203,"column":52}},"203":{"start":{"line":204,"column":0},"end":{"line":204,"column":6}},"204":{"start":{"line":205,"column":0},"end":{"line":205,"column":53}},"205":{"start":{"line":206,"column":0},"end":{"line":206,"column":7}},"206":{"start":{"line":207,"column":0},"end":{"line":207,"column":64}},"207":{"start":{"line":208,"column":0},"end":{"line":208,"column":35}},"208":{"start":{"line":209,"column":0},"end":{"line":209,"column":20}},"209":{"start":{"line":210,"column":0},"end":{"line":210,"column":37}},"210":{"start":{"line":211,"column":0},"end":{"line":211,"column":9}},"211":{"start":{"line":212,"column":0},"end":{"line":212,"column":0}},"212":{"start":{"line":213,"column":0},"end":{"line":213,"column":23}},"213":{"start":{"line":214,"column":0},"end":{"line":214,"column":64}},"214":{"start":{"line":215,"column":0},"end":{"line":215,"column":41}},"215":{"start":{"line":216,"column":0},"end":{"line":216,"column":35}},"216":{"start":{"line":217,"column":0},"end":{"line":217,"column":21}},"217":{"start":{"line":218,"column":0},"end":{"line":218,"column":46}},"218":{"start":{"line":219,"column":0},"end":{"line":219,"column":45}},"219":{"start":{"line":220,"column":0},"end":{"line":220,"column":29}},"220":{"start":{"line":221,"column":0},"end":{"line":221,"column":45}},"221":{"start":{"line":222,"column":0},"end":{"line":222,"column":17}},"222":{"start":{"line":223,"column":0},"end":{"line":223,"column":13}},"223":{"start":{"line":224,"column":0},"end":{"line":224,"column":37}},"224":{"start":{"line":225,"column":0},"end":{"line":225,"column":9}},"225":{"start":{"line":226,"column":0},"end":{"line":226,"column":0}},"226":{"start":{"line":227,"column":0},"end":{"line":227,"column":34}},"227":{"start":{"line":228,"column":0},"end":{"line":228,"column":33}},"228":{"start":{"line":229,"column":0},"end":{"line":229,"column":33}},"229":{"start":{"line":230,"column":0},"end":{"line":230,"column":6}},"230":{"start":{"line":231,"column":0},"end":{"line":231,"column":0}},"231":{"start":{"line":232,"column":0},"end":{"line":232,"column":36}},"232":{"start":{"line":233,"column":0},"end":{"line":233,"column":16}},"233":{"start":{"line":234,"column":0},"end":{"line":234,"column":116}},"234":{"start":{"line":235,"column":0},"end":{"line":235,"column":33}},"235":{"start":{"line":236,"column":0},"end":{"line":236,"column":49}},"236":{"start":{"line":237,"column":0},"end":{"line":237,"column":10}},"237":{"start":{"line":238,"column":0},"end":{"line":238,"column":83}},"238":{"start":{"line":239,"column":0},"end":{"line":239,"column":38}},"239":{"start":{"line":240,"column":0},"end":{"line":240,"column":54}},"240":{"start":{"line":241,"column":0},"end":{"line":241,"column":10}},"241":{"start":{"line":242,"column":0},"end":{"line":242,"column":88}},"242":{"start":{"line":243,"column":0},"end":{"line":243,"column":64}},"243":{"start":{"line":244,"column":0},"end":{"line":244,"column":55}},"244":{"start":{"line":245,"column":0},"end":{"line":245,"column":46}},"245":{"start":{"line":246,"column":0},"end":{"line":246,"column":29}},"246":{"start":{"line":247,"column":0},"end":{"line":247,"column":45}},"247":{"start":{"line":248,"column":0},"end":{"line":248,"column":20}},"248":{"start":{"line":249,"column":0},"end":{"line":249,"column":45}},"249":{"start":{"line":250,"column":0},"end":{"line":250,"column":13}},"250":{"start":{"line":251,"column":0},"end":{"line":251,"column":9}},"251":{"start":{"line":252,"column":0},"end":{"line":252,"column":7}},"252":{"start":{"line":253,"column":0},"end":{"line":253,"column":0}},"253":{"start":{"line":254,"column":0},"end":{"line":254,"column":7}},"254":{"start":{"line":255,"column":0},"end":{"line":255,"column":78}},"255":{"start":{"line":256,"column":0},"end":{"line":256,"column":6}},"256":{"start":{"line":257,"column":0},"end":{"line":257,"column":79}},"257":{"start":{"line":258,"column":0},"end":{"line":258,"column":7}},"258":{"start":{"line":259,"column":0},"end":{"line":259,"column":45}},"259":{"start":{"line":260,"column":0},"end":{"line":260,"column":32}},"260":{"start":{"line":261,"column":0},"end":{"line":261,"column":82}},"261":{"start":{"line":262,"column":0},"end":{"line":262,"column":44}},"262":{"start":{"line":263,"column":0},"end":{"line":263,"column":10}},"263":{"start":{"line":264,"column":0},"end":{"line":264,"column":6}},"264":{"start":{"line":265,"column":0},"end":{"line":265,"column":0}},"265":{"start":{"line":266,"column":0},"end":{"line":266,"column":7}},"266":{"start":{"line":267,"column":0},"end":{"line":267,"column":37}},"267":{"start":{"line":268,"column":0},"end":{"line":268,"column":6}},"268":{"start":{"line":269,"column":0},"end":{"line":269,"column":21}},"269":{"start":{"line":270,"column":0},"end":{"line":270,"column":7}},"270":{"start":{"line":271,"column":0},"end":{"line":271,"column":54}},"271":{"start":{"line":272,"column":0},"end":{"line":272,"column":0}},"272":{"start":{"line":273,"column":0},"end":{"line":273,"column":7}},"273":{"start":{"line":274,"column":0},"end":{"line":274,"column":88}},"274":{"start":{"line":275,"column":0},"end":{"line":275,"column":50}},"275":{"start":{"line":276,"column":0},"end":{"line":276,"column":6}},"276":{"start":{"line":277,"column":0},"end":{"line":277,"column":27}},"277":{"start":{"line":278,"column":0},"end":{"line":278,"column":36}},"278":{"start":{"line":279,"column":0},"end":{"line":279,"column":6}},"279":{"start":{"line":280,"column":0},"end":{"line":280,"column":15}},"280":{"start":{"line":281,"column":0},"end":{"line":281,"column":12}},"281":{"start":{"line":282,"column":0},"end":{"line":282,"column":54}},"282":{"start":{"line":283,"column":0},"end":{"line":283,"column":52}},"283":{"start":{"line":284,"column":0},"end":{"line":284,"column":31}},"284":{"start":{"line":285,"column":0},"end":{"line":285,"column":35}},"285":{"start":{"line":286,"column":0},"end":{"line":286,"column":10}},"286":{"start":{"line":287,"column":0},"end":{"line":287,"column":10}},"287":{"start":{"line":288,"column":0},"end":{"line":288,"column":6}},"288":{"start":{"line":289,"column":0},"end":{"line":289,"column":79}},"289":{"start":{"line":290,"column":0},"end":{"line":290,"column":7}},"290":{"start":{"line":291,"column":0},"end":{"line":291,"column":71}},"291":{"start":{"line":292,"column":0},"end":{"line":292,"column":51}},"292":{"start":{"line":293,"column":0},"end":{"line":293,"column":32}},"293":{"start":{"line":294,"column":0},"end":{"line":294,"column":6}},"294":{"start":{"line":295,"column":0},"end":{"line":295,"column":0}},"295":{"start":{"line":296,"column":0},"end":{"line":296,"column":7}},"296":{"start":{"line":297,"column":0},"end":{"line":297,"column":36}},"297":{"start":{"line":298,"column":0},"end":{"line":298,"column":6}},"298":{"start":{"line":299,"column":0},"end":{"line":299,"column":22}},"299":{"start":{"line":300,"column":0},"end":{"line":300,"column":7}},"300":{"start":{"line":301,"column":0},"end":{"line":301,"column":46}},"301":{"start":{"line":302,"column":0},"end":{"line":302,"column":56}},"302":{"start":{"line":303,"column":0},"end":{"line":303,"column":6}},"303":{"start":{"line":304,"column":0},"end":{"line":304,"column":0}},"304":{"start":{"line":305,"column":0},"end":{"line":305,"column":38}},"305":{"start":{"line":306,"column":0},"end":{"line":306,"column":38}},"306":{"start":{"line":307,"column":0},"end":{"line":307,"column":36}},"307":{"start":{"line":308,"column":0},"end":{"line":308,"column":51}},"308":{"start":{"line":309,"column":0},"end":{"line":309,"column":54}},"309":{"start":{"line":310,"column":0},"end":{"line":310,"column":0}},"310":{"start":{"line":311,"column":0},"end":{"line":311,"column":95}},"311":{"start":{"line":312,"column":0},"end":{"line":312,"column":40}},"312":{"start":{"line":313,"column":0},"end":{"line":313,"column":0}},"313":{"start":{"line":314,"column":0},"end":{"line":314,"column":7}},"314":{"start":{"line":315,"column":0},"end":{"line":315,"column":119}},"315":{"start":{"line":316,"column":0},"end":{"line":316,"column":6}},"316":{"start":{"line":317,"column":0},"end":{"line":317,"column":32}},"317":{"start":{"line":318,"column":0},"end":{"line":318,"column":7}},"318":{"start":{"line":319,"column":0},"end":{"line":319,"column":46}},"319":{"start":{"line":320,"column":0},"end":{"line":320,"column":40}},"320":{"start":{"line":321,"column":0},"end":{"line":321,"column":20}},"321":{"start":{"line":322,"column":0},"end":{"line":322,"column":6}},"322":{"start":{"line":323,"column":0},"end":{"line":323,"column":0}},"323":{"start":{"line":324,"column":0},"end":{"line":324,"column":27}},"324":{"start":{"line":325,"column":0},"end":{"line":325,"column":4}}},"s":{"0":1,"1":1,"2":0,"3":0,"4":0,"5":1,"6":1,"7":1,"8":0,"9":0,"10":1,"11":1,"12":1,"13":1,"14":1,"15":1,"16":1,"17":1,"18":1,"19":1,"20":1,"21":1,"22":1,"23":27,"24":27,"25":27,"26":27,"27":0,"28":0,"29":27,"30":27,"31":27,"32":27,"33":27,"34":27,"35":1,"36":1,"37":1,"38":1,"39":1,"40":6,"41":1,"42":1,"43":1,"44":1,"45":1,"46":2,"47":1,"48":1,"49":1,"50":1,"51":1,"52":6,"53":1,"54":1,"55":1,"56":1,"57":1,"58":1,"59":1,"60":1,"61":1,"62":1,"63":1,"64":1,"65":1,"66":1,"67":6,"68":1,"69":1,"70":1,"71":1,"72":1,"73":1,"74":1,"75":1,"76":1,"77":1,"78":1,"79":2,"80":1,"81":1,"82":1,"83":1,"84":1,"85":2,"86":1,"87":1,"88":1,"89":1,"90":1,"91":2,"92":1,"93":1,"94":1,"95":1,"96":1,"97":1,"98":1,"99":1,"100":1,"101":1,"102":1,"103":1,"104":1,"105":1,"106":1,"107":1,"108":1,"109":3,"110":3,"111":3,"112":3,"113":3,"114":3,"115":3,"116":3,"117":1,"118":1,"119":2,"120":2,"121":1,"122":1,"123":1,"124":1,"125":25,"126":25,"127":25,"128":25,"129":1,"130":1,"131":1,"132":1,"133":1,"134":1,"135":1,"136":1,"137":1,"138":1,"139":1,"140":1,"141":1,"142":1,"143":1,"144":1,"145":1,"146":1,"147":1,"148":1,"149":1,"150":1,"151":1,"152":1,"153":1,"154":1,"155":1,"156":1,"157":1,"158":1,"159":1,"160":1,"161":1,"162":1,"163":1,"164":1,"165":1,"166":1,"167":1,"168":1,"169":1,"170":11,"171":2,"172":2,"173":9,"174":11,"175":1,"176":1,"177":8,"178":11,"179":11,"180":11,"181":11,"182":11,"183":1,"184":11,"185":7,"186":45,"187":7,"188":7,"189":11,"190":1,"191":1,"192":1,"193":1,"194":1,"195":1,"196":1,"197":1,"198":1,"199":1,"200":1,"201":1,"202":1,"203":1,"204":1,"205":1,"206":1,"207":12,"208":12,"209":11,"210":11,"211":1,"212":12,"213":0,"214":0,"215":0,"216":0,"217":0,"218":0,"219":0,"220":0,"221":0,"222":0,"223":0,"224":0,"225":1,"226":1,"227":1,"228":1,"229":1,"230":1,"231":1,"232":1,"233":1,"234":1,"235":2,"236":1,"237":1,"238":1,"239":1,"240":1,"241":1,"242":1,"243":1,"244":1,"245":2,"246":0,"247":2,"248":2,"249":2,"250":2,"251":1,"252":1,"253":1,"254":1,"255":1,"256":1,"257":1,"258":1,"259":6,"260":3,"261":3,"262":6,"263":1,"264":1,"265":1,"266":1,"267":1,"268":1,"269":1,"270":1,"271":1,"272":1,"273":1,"274":1,"275":1,"276":1,"277":1,"278":1,"279":1,"280":1,"281":1,"282":1,"283":1,"284":1,"285":1,"286":1,"287":1,"288":1,"289":1,"290":1,"291":6,"292":6,"293":1,"294":1,"295":1,"296":1,"297":1,"298":1,"299":1,"300":1,"301":1,"302":1,"303":1,"304":1,"305":1,"306":1,"307":1,"308":1,"309":1,"310":1,"311":1,"312":1,"313":1,"314":1,"315":1,"316":1,"317":1,"318":1,"319":0,"320":0,"321":1,"322":1,"323":1,"324":1},"branchMap":{"0":{"type":"branch","line":1,"loc":{"start":{"line":1,"column":1},"end":{"line":11,"column":2}},"locations":[{"start":{"line":1,"column":1},"end":{"line":11,"column":2}}]},"1":{"type":"branch","line":2,"loc":{"start":{"line":2,"column":36},"end":{"line":2,"column":50}},"locations":[{"start":{"line":2,"column":36},"end":{"line":2,"column":50}}]},"2":{"type":"branch","line":2,"loc":{"start":{"line":2,"column":52},"end":{"line":6,"column":5}},"locations":[{"start":{"line":2,"column":52},"end":{"line":6,"column":5}}]},"3":{"type":"branch","line":8,"loc":{"start":{"line":8,"column":5},"end":{"line":10,"column":5}},"locations":[{"start":{"line":8,"column":5},"end":{"line":10,"column":5}}]},"4":{"type":"branch","line":11,"loc":{"start":{"line":11,"column":8},"end":{"line":325,"column":2}},"locations":[{"start":{"line":11,"column":8},"end":{"line":325,"column":2}}]},"5":{"type":"branch","line":125,"loc":{"start":{"line":125,"column":34},"end":{"line":129,"column":5}},"locations":[{"start":{"line":125,"column":34},"end":{"line":129,"column":5}}]},"6":{"type":"branch","line":23,"loc":{"start":{"line":23,"column":4},"end":{"line":35,"column":5}},"locations":[{"start":{"line":23,"column":4},"end":{"line":35,"column":5}}]},"7":{"type":"branch","line":25,"loc":{"start":{"line":25,"column":45},"end":{"line":25,"column":54}},"locations":[{"start":{"line":25,"column":45},"end":{"line":25,"column":54}}]},"8":{"type":"branch","line":25,"loc":{"start":{"line":25,"column":54},"end":{"line":25,"column":58}},"locations":[{"start":{"line":25,"column":54},"end":{"line":25,"column":58}}]},"9":{"type":"branch","line":27,"loc":{"start":{"line":27,"column":35},"end":{"line":29,"column":9}},"locations":[{"start":{"line":27,"column":35},"end":{"line":29,"column":9}}]},"10":{"type":"branch","line":32,"loc":{"start":{"line":32,"column":57},"end":{"line":32,"column":58}},"locations":[{"start":{"line":32,"column":57},"end":{"line":32,"column":58}}]},"11":{"type":"branch","line":40,"loc":{"start":{"line":40,"column":14},"end":{"line":42,"column":9}},"locations":[{"start":{"line":40,"column":14},"end":{"line":42,"column":9}}]},"12":{"type":"branch","line":43,"loc":{"start":{"line":43,"column":12},"end":{"line":45,"column":9}},"locations":[{"start":{"line":43,"column":12},"end":{"line":45,"column":9}}]},"13":{"type":"branch","line":46,"loc":{"start":{"line":46,"column":14},"end":{"line":48,"column":9}},"locations":[{"start":{"line":46,"column":14},"end":{"line":48,"column":9}}]},"14":{"type":"branch","line":49,"loc":{"start":{"line":49,"column":13},"end":{"line":51,"column":9}},"locations":[{"start":{"line":49,"column":13},"end":{"line":51,"column":9}}]},"15":{"type":"branch","line":52,"loc":{"start":{"line":52,"column":12},"end":{"line":54,"column":9}},"locations":[{"start":{"line":52,"column":12},"end":{"line":54,"column":9}}]},"16":{"type":"branch","line":55,"loc":{"start":{"line":55,"column":11},"end":{"line":57,"column":9}},"locations":[{"start":{"line":55,"column":11},"end":{"line":57,"column":9}}]},"17":{"type":"branch","line":58,"loc":{"start":{"line":58,"column":13},"end":{"line":60,"column":9}},"locations":[{"start":{"line":58,"column":13},"end":{"line":60,"column":9}}]},"18":{"type":"branch","line":61,"loc":{"start":{"line":61,"column":12},"end":{"line":63,"column":9}},"locations":[{"start":{"line":61,"column":12},"end":{"line":63,"column":9}}]},"19":{"type":"branch","line":64,"loc":{"start":{"line":64,"column":11},"end":{"line":66,"column":9}},"locations":[{"start":{"line":64,"column":11},"end":{"line":66,"column":9}}]},"20":{"type":"branch","line":67,"loc":{"start":{"line":67,"column":12},"end":{"line":69,"column":9}},"locations":[{"start":{"line":67,"column":12},"end":{"line":69,"column":9}}]},"21":{"type":"branch","line":70,"loc":{"start":{"line":70,"column":11},"end":{"line":72,"column":9}},"locations":[{"start":{"line":70,"column":11},"end":{"line":72,"column":9}}]},"22":{"type":"branch","line":73,"loc":{"start":{"line":73,"column":12},"end":{"line":75,"column":9}},"locations":[{"start":{"line":73,"column":12},"end":{"line":75,"column":9}}]},"23":{"type":"branch","line":76,"loc":{"start":{"line":76,"column":11},"end":{"line":78,"column":9}},"locations":[{"start":{"line":76,"column":11},"end":{"line":78,"column":9}}]},"24":{"type":"branch","line":79,"loc":{"start":{"line":79,"column":12},"end":{"line":81,"column":9}},"locations":[{"start":{"line":79,"column":12},"end":{"line":81,"column":9}}]},"25":{"type":"branch","line":80,"loc":{"start":{"line":80,"column":53},"end":{"line":80,"column":59}},"locations":[{"start":{"line":80,"column":53},"end":{"line":80,"column":59}}]},"26":{"type":"branch","line":82,"loc":{"start":{"line":82,"column":11},"end":{"line":84,"column":9}},"locations":[{"start":{"line":82,"column":11},"end":{"line":84,"column":9}}]},"27":{"type":"branch","line":83,"loc":{"start":{"line":83,"column":39},"end":{"line":83,"column":45}},"locations":[{"start":{"line":83,"column":39},"end":{"line":83,"column":45}}]},"28":{"type":"branch","line":85,"loc":{"start":{"line":85,"column":12},"end":{"line":87,"column":9}},"locations":[{"start":{"line":85,"column":12},"end":{"line":87,"column":9}}]},"29":{"type":"branch","line":88,"loc":{"start":{"line":88,"column":11},"end":{"line":90,"column":9}},"locations":[{"start":{"line":88,"column":11},"end":{"line":90,"column":9}}]},"30":{"type":"branch","line":91,"loc":{"start":{"line":91,"column":12},"end":{"line":93,"column":9}},"locations":[{"start":{"line":91,"column":12},"end":{"line":93,"column":9}}]},"31":{"type":"branch","line":94,"loc":{"start":{"line":94,"column":11},"end":{"line":96,"column":9}},"locations":[{"start":{"line":94,"column":11},"end":{"line":96,"column":9}}]},"32":{"type":"branch","line":97,"loc":{"start":{"line":97,"column":12},"end":{"line":99,"column":9}},"locations":[{"start":{"line":97,"column":12},"end":{"line":99,"column":9}}]},"33":{"type":"branch","line":100,"loc":{"start":{"line":100,"column":11},"end":{"line":102,"column":9}},"locations":[{"start":{"line":100,"column":11},"end":{"line":102,"column":9}}]},"34":{"type":"branch","line":103,"loc":{"start":{"line":103,"column":11},"end":{"line":105,"column":9}},"locations":[{"start":{"line":103,"column":11},"end":{"line":105,"column":9}}]},"35":{"type":"branch","line":106,"loc":{"start":{"line":106,"column":11},"end":{"line":108,"column":9}},"locations":[{"start":{"line":106,"column":11},"end":{"line":108,"column":9}}]},"36":{"type":"branch","line":109,"loc":{"start":{"line":109,"column":12},"end":{"line":118,"column":9}},"locations":[{"start":{"line":109,"column":12},"end":{"line":118,"column":9}}]},"37":{"type":"branch","line":113,"loc":{"start":{"line":113,"column":29},"end":{"line":113,"column":35}},"locations":[{"start":{"line":113,"column":29},"end":{"line":113,"column":35}}]},"38":{"type":"branch","line":115,"loc":{"start":{"line":115,"column":33},"end":{"line":115,"column":39}},"locations":[{"start":{"line":115,"column":33},"end":{"line":115,"column":39}}]},"39":{"type":"branch","line":119,"loc":{"start":{"line":119,"column":11},"end":{"line":121,"column":9}},"locations":[{"start":{"line":119,"column":11},"end":{"line":121,"column":9}}]},"40":{"type":"branch","line":170,"loc":{"start":{"line":170,"column":4},"end":{"line":190,"column":5}},"locations":[{"start":{"line":170,"column":4},"end":{"line":190,"column":5}}]},"41":{"type":"branch","line":171,"loc":{"start":{"line":171,"column":51},"end":{"line":173,"column":9}},"locations":[{"start":{"line":171,"column":51},"end":{"line":173,"column":9}}]},"42":{"type":"branch","line":173,"loc":{"start":{"line":173,"column":8},"end":{"line":175,"column":34}},"locations":[{"start":{"line":173,"column":8},"end":{"line":175,"column":34}}]},"43":{"type":"branch","line":175,"loc":{"start":{"line":175,"column":30},"end":{"line":175,"column":57}},"locations":[{"start":{"line":175,"column":30},"end":{"line":175,"column":57}}]},"44":{"type":"branch","line":175,"loc":{"start":{"line":175,"column":57},"end":{"line":175,"column":85}},"locations":[{"start":{"line":175,"column":57},"end":{"line":175,"column":85}}]},"45":{"type":"branch","line":175,"loc":{"start":{"line":175,"column":85},"end":{"line":175,"column":113}},"locations":[{"start":{"line":175,"column":85},"end":{"line":175,"column":113}}]},"46":{"type":"branch","line":175,"loc":{"start":{"line":175,"column":115},"end":{"line":177,"column":9}},"locations":[{"start":{"line":175,"column":115},"end":{"line":177,"column":9}}]},"47":{"type":"branch","line":177,"loc":{"start":{"line":177,"column":8},"end":{"line":179,"column":44}},"locations":[{"start":{"line":177,"column":8},"end":{"line":179,"column":44}}]},"48":{"type":"branch","line":179,"loc":{"start":{"line":179,"column":40},"end":{"line":179,"column":48}},"locations":[{"start":{"line":179,"column":40},"end":{"line":179,"column":48}}]},"49":{"type":"branch","line":179,"loc":{"start":{"line":179,"column":48},"end":{"line":179,"column":96}},"locations":[{"start":{"line":179,"column":48},"end":{"line":179,"column":96}}]},"50":{"type":"branch","line":179,"loc":{"start":{"line":179,"column":72},"end":{"line":179,"column":79}},"locations":[{"start":{"line":179,"column":72},"end":{"line":179,"column":79}}]},"51":{"type":"branch","line":179,"loc":{"start":{"line":179,"column":79},"end":{"line":179,"column":96}},"locations":[{"start":{"line":179,"column":79},"end":{"line":179,"column":96}}]},"52":{"type":"branch","line":179,"loc":{"start":{"line":179,"column":96},"end":{"line":179,"column":109}},"locations":[{"start":{"line":179,"column":96},"end":{"line":179,"column":109}}]},"53":{"type":"branch","line":183,"loc":{"start":{"line":183,"column":49},"end":{"line":185,"column":9}},"locations":[{"start":{"line":183,"column":49},"end":{"line":185,"column":9}}]},"54":{"type":"branch","line":185,"loc":{"start":{"line":185,"column":9},"end":{"line":189,"column":9}},"locations":[{"start":{"line":185,"column":9},"end":{"line":189,"column":9}}]},"55":{"type":"branch","line":186,"loc":{"start":{"line":186,"column":42},"end":{"line":188,"column":13}},"locations":[{"start":{"line":186,"column":42},"end":{"line":188,"column":13}}]},"56":{"type":"branch","line":207,"loc":{"start":{"line":207,"column":38},"end":{"line":230,"column":5}},"locations":[{"start":{"line":207,"column":38},"end":{"line":230,"column":5}}]},"57":{"type":"branch","line":209,"loc":{"start":{"line":209,"column":19},"end":{"line":211,"column":9}},"locations":[{"start":{"line":209,"column":19},"end":{"line":211,"column":9}}]},"58":{"type":"branch","line":211,"loc":{"start":{"line":211,"column":8},"end":{"line":213,"column":22}},"locations":[{"start":{"line":211,"column":8},"end":{"line":213,"column":22}}]},"59":{"type":"branch","line":213,"loc":{"start":{"line":213,"column":22},"end":{"line":225,"column":9}},"locations":[{"start":{"line":213,"column":22},"end":{"line":225,"column":9}}]},"60":{"type":"branch","line":225,"loc":{"start":{"line":225,"column":8},"end":{"line":230,"column":5}},"locations":[{"start":{"line":225,"column":8},"end":{"line":230,"column":5}}]},"61":{"type":"branch","line":235,"loc":{"start":{"line":235,"column":16},"end":{"line":237,"column":9}},"locations":[{"start":{"line":235,"column":16},"end":{"line":237,"column":9}}]},"62":{"type":"branch","line":239,"loc":{"start":{"line":239,"column":21},"end":{"line":241,"column":9}},"locations":[{"start":{"line":239,"column":21},"end":{"line":241,"column":9}}]},"63":{"type":"branch","line":245,"loc":{"start":{"line":245,"column":19},"end":{"line":251,"column":9}},"locations":[{"start":{"line":245,"column":19},"end":{"line":251,"column":9}}]},"64":{"type":"branch","line":246,"loc":{"start":{"line":246,"column":28},"end":{"line":248,"column":13}},"locations":[{"start":{"line":246,"column":28},"end":{"line":248,"column":13}}]},"65":{"type":"branch","line":249,"loc":{"start":{"line":249,"column":30},"end":{"line":249,"column":37}},"locations":[{"start":{"line":249,"column":30},"end":{"line":249,"column":37}}]},"66":{"type":"branch","line":249,"loc":{"start":{"line":249,"column":37},"end":{"line":249,"column":44}},"locations":[{"start":{"line":249,"column":37},"end":{"line":249,"column":44}}]},"67":{"type":"branch","line":259,"loc":{"start":{"line":259,"column":26},"end":{"line":264,"column":5}},"locations":[{"start":{"line":259,"column":26},"end":{"line":264,"column":5}}]},"68":{"type":"branch","line":260,"loc":{"start":{"line":260,"column":15},"end":{"line":263,"column":9}},"locations":[{"start":{"line":260,"column":15},"end":{"line":263,"column":9}}]},"69":{"type":"branch","line":291,"loc":{"start":{"line":291,"column":46},"end":{"line":294,"column":5}},"locations":[{"start":{"line":291,"column":46},"end":{"line":294,"column":5}}]},"70":{"type":"branch","line":301,"loc":{"start":{"line":301,"column":33},"end":{"line":303,"column":5}},"locations":[{"start":{"line":301,"column":33},"end":{"line":303,"column":5}}]}},"b":{"0":[1],"1":[0],"2":[0],"3":[0],"4":[1],"5":[25],"6":[27],"7":[1],"8":[26],"9":[0],"10":[22],"11":[6],"12":[1],"13":[2],"14":[1],"15":[6],"16":[1],"17":[1],"18":[1],"19":[1],"20":[6],"21":[1],"22":[1],"23":[1],"24":[2],"25":[1],"26":[1],"27":[0],"28":[2],"29":[1],"30":[2],"31":[1],"32":[1],"33":[1],"34":[1],"35":[1],"36":[3],"37":[0],"38":[1],"39":[2],"40":[11],"41":[2],"42":[9],"43":[8],"44":[4],"45":[3],"46":[1],"47":[8],"48":[7],"49":[7],"50":[4],"51":[3],"52":[1],"53":[1],"54":[7],"55":[45],"56":[12],"57":[11],"58":[1],"59":[0],"60":[1],"61":[2],"62":[1],"63":[2],"64":[0],"65":[1],"66":[1],"67":[6],"68":[3],"69":[6],"70":[1]},"fnMap":{"0":{"name":"leadingZeroes","decl":{"start":{"line":23,"column":4},"end":{"line":35,"column":5}},"loc":{"start":{"line":23,"column":4},"end":{"line":35,"column":5}},"line":23},"1":{"name":"YYYY","decl":{"start":{"line":40,"column":14},"end":{"line":42,"column":9}},"loc":{"start":{"line":40,"column":14},"end":{"line":42,"column":9}},"line":40},"2":{"name":"YY","decl":{"start":{"line":43,"column":12},"end":{"line":45,"column":9}},"loc":{"start":{"line":43,"column":12},"end":{"line":45,"column":9}},"line":43},"3":{"name":"MMMM","decl":{"start":{"line":46,"column":14},"end":{"line":48,"column":9}},"loc":{"start":{"line":46,"column":14},"end":{"line":48,"column":9}},"line":46},"4":{"name":"MMM","decl":{"start":{"line":49,"column":13},"end":{"line":51,"column":9}},"loc":{"start":{"line":49,"column":13},"end":{"line":51,"column":9}},"line":49},"5":{"name":"MM","decl":{"start":{"line":52,"column":12},"end":{"line":54,"column":9}},"loc":{"start":{"line":52,"column":12},"end":{"line":54,"column":9}},"line":52},"6":{"name":"M","decl":{"start":{"line":55,"column":11},"end":{"line":57,"column":9}},"loc":{"start":{"line":55,"column":11},"end":{"line":57,"column":9}},"line":55},"7":{"name":"DDD","decl":{"start":{"line":58,"column":13},"end":{"line":60,"column":9}},"loc":{"start":{"line":58,"column":13},"end":{"line":60,"column":9}},"line":58},"8":{"name":"DD","decl":{"start":{"line":61,"column":12},"end":{"line":63,"column":9}},"loc":{"start":{"line":61,"column":12},"end":{"line":63,"column":9}},"line":61},"9":{"name":"D","decl":{"start":{"line":64,"column":11},"end":{"line":66,"column":9}},"loc":{"start":{"line":64,"column":11},"end":{"line":66,"column":9}},"line":64},"10":{"name":"dd","decl":{"start":{"line":67,"column":12},"end":{"line":69,"column":9}},"loc":{"start":{"line":67,"column":12},"end":{"line":69,"column":9}},"line":67},"11":{"name":"d","decl":{"start":{"line":70,"column":11},"end":{"line":72,"column":9}},"loc":{"start":{"line":70,"column":11},"end":{"line":72,"column":9}},"line":70},"12":{"name":"HH","decl":{"start":{"line":73,"column":12},"end":{"line":75,"column":9}},"loc":{"start":{"line":73,"column":12},"end":{"line":75,"column":9}},"line":73},"13":{"name":"H","decl":{"start":{"line":76,"column":11},"end":{"line":78,"column":9}},"loc":{"start":{"line":76,"column":11},"end":{"line":78,"column":9}},"line":76},"14":{"name":"hh","decl":{"start":{"line":79,"column":12},"end":{"line":81,"column":9}},"loc":{"start":{"line":79,"column":12},"end":{"line":81,"column":9}},"line":79},"15":{"name":"h","decl":{"start":{"line":82,"column":11},"end":{"line":84,"column":9}},"loc":{"start":{"line":82,"column":11},"end":{"line":84,"column":9}},"line":82},"16":{"name":"mm","decl":{"start":{"line":85,"column":12},"end":{"line":87,"column":9}},"loc":{"start":{"line":85,"column":12},"end":{"line":87,"column":9}},"line":85},"17":{"name":"m","decl":{"start":{"line":88,"column":11},"end":{"line":90,"column":9}},"loc":{"start":{"line":88,"column":11},"end":{"line":90,"column":9}},"line":88},"18":{"name":"ss","decl":{"start":{"line":91,"column":12},"end":{"line":93,"column":9}},"loc":{"start":{"line":91,"column":12},"end":{"line":93,"column":9}},"line":91},"19":{"name":"s","decl":{"start":{"line":94,"column":11},"end":{"line":96,"column":9}},"loc":{"start":{"line":94,"column":11},"end":{"line":96,"column":9}},"line":94},"20":{"name":"ff","decl":{"start":{"line":97,"column":12},"end":{"line":99,"column":9}},"loc":{"start":{"line":97,"column":12},"end":{"line":99,"column":9}},"line":97},"21":{"name":"f","decl":{"start":{"line":100,"column":11},"end":{"line":102,"column":9}},"loc":{"start":{"line":100,"column":11},"end":{"line":102,"column":9}},"line":100},"22":{"name":"A","decl":{"start":{"line":103,"column":11},"end":{"line":105,"column":9}},"loc":{"start":{"line":103,"column":11},"end":{"line":105,"column":9}},"line":103},"23":{"name":"a","decl":{"start":{"line":106,"column":11},"end":{"line":108,"column":9}},"loc":{"start":{"line":106,"column":11},"end":{"line":108,"column":9}},"line":106},"24":{"name":"ZZ","decl":{"start":{"line":109,"column":12},"end":{"line":118,"column":9}},"loc":{"start":{"line":109,"column":12},"end":{"line":118,"column":9}},"line":109},"25":{"name":"Z","decl":{"start":{"line":119,"column":11},"end":{"line":121,"column":9}},"loc":{"start":{"line":119,"column":11},"end":{"line":121,"column":9}},"line":119},"26":{"name":"unitTestingTask","decl":{"start":{"line":170,"column":4},"end":{"line":190,"column":5}},"loc":{"start":{"line":170,"column":4},"end":{"line":190,"column":5}},"line":170},"27":{"name":"unitTestingTask.lang","decl":{"start":{"line":207,"column":38},"end":{"line":230,"column":5}},"loc":{"start":{"line":207,"column":38},"end":{"line":230,"column":5}},"line":207},"28":{"name":"months","decl":{"start":{"line":235,"column":16},"end":{"line":237,"column":9}},"loc":{"start":{"line":235,"column":16},"end":{"line":237,"column":9}},"line":235},"29":{"name":"monthsShort","decl":{"start":{"line":239,"column":21},"end":{"line":241,"column":9}},"loc":{"start":{"line":239,"column":21},"end":{"line":241,"column":9}},"line":239},"30":{"name":"meridiem","decl":{"start":{"line":245,"column":19},"end":{"line":251,"column":9}},"loc":{"start":{"line":245,"column":19},"end":{"line":251,"column":9}},"line":245},"31":{"name":"createFormatter","decl":{"start":{"line":259,"column":26},"end":{"line":264,"column":5}},"loc":{"start":{"line":259,"column":26},"end":{"line":264,"column":5}},"line":259},"32":{"name":"unitTestingTask.register","decl":{"start":{"line":291,"column":46},"end":{"line":294,"column":5}},"loc":{"start":{"line":291,"column":46},"end":{"line":294,"column":5}},"line":291},"33":{"name":"unitTestingTask.formatters","decl":{"start":{"line":301,"column":33},"end":{"line":303,"column":5}},"loc":{"start":{"line":301,"column":33},"end":{"line":303,"column":5}},"line":301},"34":{"name":"unitTestingTask.noConflict","decl":{"start":{"line":319,"column":33},"end":{"line":322,"column":5}},"loc":{"start":{"line":319,"column":33},"end":{"line":322,"column":5}},"line":319}},"f":{"0":27,"1":6,"2":1,"3":2,"4":1,"5":6,"6":1,"7":1,"8":1,"9":1,"10":6,"11":1,"12":1,"13":1,"14":2,"15":1,"16":2,"17":1,"18":2,"19":1,"20":1,"21":1,"22":1,"23":1,"24":3,"25":2,"26":11,"27":12,"28":2,"29":1,"30":2,"31":6,"32":6,"33":1,"34":0}}
}
