TN:
SF:unitTestingTask.js
FN:23,leadingZeroes
FN:40,YYYY
FN:43,YY
FN:46,MMMM
FN:49,MMM
FN:52,MM
FN:55,M
FN:58,DDD
FN:61,DD
FN:64,D
FN:67,dd
FN:70,d
FN:73,HH
FN:76,H
FN:79,hh
FN:82,h
FN:85,mm
FN:88,m
FN:91,ss
FN:94,s
FN:97,ff
FN:100,f
FN:103,A
FN:106,a
FN:109,ZZ
FN:119,Z
FN:170,unitTestingTask
FN:207,unitTestingTask.lang
FN:234,months
FN:238,monthsShort
FN:244,meridiem
FN:258,createFormatter
FN:290,unitTestingTask.register
FN:300,unitTestingTask.formatters
FN:318,unitTestingTask.noConflict
FNF:35
FNH:3
FNDA:0,leadingZeroes
FNDA:0,YYYY
FNDA:0,YY
FNDA:0,MMMM
FNDA:0,MMM
FNDA:0,MM
FNDA:0,M
FNDA:0,DDD
FNDA:0,DD
FNDA:0,D
FNDA:0,dd
FNDA:0,d
FNDA:0,HH
FNDA:0,H
FNDA:0,hh
FNDA:0,h
FNDA:0,mm
FNDA:0,m
FNDA:0,ss
FNDA:0,s
FNDA:0,ff
FNDA:0,f
FNDA:0,A
FNDA:0,a
FNDA:0,ZZ
FNDA:0,Z
FNDA:0,unitTestingTask
FNDA:1,unitTestingTask.lang
FNDA:0,months
FNDA:0,monthsShort
FNDA:0,meridiem
FNDA:4,createFormatter
FNDA:4,unitTestingTask.register
FNDA:0,unitTestingTask.formatters
FNDA:0,unitTestingTask.noConflict
DA:1,1
DA:2,1
DA:3,0
DA:4,0
DA:5,0
DA:6,1
DA:7,1
DA:8,1
DA:9,0
DA:10,0
DA:11,1
DA:12,1
DA:13,1
DA:14,1
DA:15,1
DA:16,1
DA:17,1
DA:18,1
DA:19,1
DA:20,1
DA:21,1
DA:22,1
DA:23,1
DA:24,0
DA:25,0
DA:26,0
DA:27,0
DA:28,0
DA:29,0
DA:30,0
DA:31,0
DA:32,0
DA:33,0
DA:34,0
DA:35,0
DA:36,1
DA:37,1
DA:38,1
DA:39,1
DA:40,1
DA:41,0
DA:42,1
DA:43,1
DA:44,0
DA:45,1
DA:46,1
DA:47,0
DA:48,1
DA:49,1
DA:50,0
DA:51,1
DA:52,1
DA:53,0
DA:54,1
DA:55,1
DA:56,0
DA:57,1
DA:58,1
DA:59,0
DA:60,1
DA:61,1
DA:62,0
DA:63,1
DA:64,1
DA:65,0
DA:66,1
DA:67,1
DA:68,0
DA:69,1
DA:70,1
DA:71,0
DA:72,1
DA:73,1
DA:74,0
DA:75,1
DA:76,1
DA:77,0
DA:78,1
DA:79,1
DA:80,0
DA:81,1
DA:82,1
DA:83,0
DA:84,1
DA:85,1
DA:86,0
DA:87,1
DA:88,1
DA:89,0
DA:90,1
DA:91,1
DA:92,0
DA:93,1
DA:94,1
DA:95,0
DA:96,1
DA:97,1
DA:98,0
DA:99,1
DA:100,1
DA:101,0
DA:102,1
DA:103,1
DA:104,0
DA:105,1
DA:106,1
DA:107,0
DA:108,1
DA:109,1
DA:110,0
DA:111,0
DA:112,0
DA:113,0
DA:114,0
DA:115,0
DA:116,0
DA:117,0
DA:118,1
DA:119,1
DA:120,0
DA:121,0
DA:122,1
DA:123,1
DA:124,1
DA:125,1
DA:126,25
DA:127,25
DA:128,25
DA:129,25
DA:130,1
DA:131,1
DA:132,1
DA:133,1
DA:134,1
DA:135,1
DA:136,1
DA:137,1
DA:138,1
DA:139,1
DA:140,1
DA:141,1
DA:142,1
DA:143,1
DA:144,1
DA:145,1
DA:146,1
DA:147,1
DA:148,1
DA:149,1
DA:150,1
DA:151,1
DA:152,1
DA:153,1
DA:154,1
DA:155,1
DA:156,1
DA:157,1
DA:158,1
DA:159,1
DA:160,1
DA:161,1
DA:162,1
DA:163,1
DA:164,1
DA:165,1
DA:166,1
DA:167,1
DA:168,1
DA:169,1
DA:170,1
DA:171,0
DA:172,0
DA:173,0
DA:174,0
DA:175,0
DA:176,0
DA:177,0
DA:178,0
DA:179,0
DA:180,0
DA:181,0
DA:182,0
DA:183,0
DA:184,0
DA:185,0
DA:186,0
DA:187,0
DA:188,0
DA:189,0
DA:190,0
DA:191,1
DA:192,1
DA:193,1
DA:194,1
DA:195,1
DA:196,1
DA:197,1
DA:198,1
DA:199,1
DA:200,1
DA:201,1
DA:202,1
DA:203,1
DA:204,1
DA:205,1
DA:206,1
DA:207,1
DA:208,1
DA:209,0
DA:210,0
DA:211,1
DA:212,1
DA:213,0
DA:214,0
DA:215,0
DA:216,0
DA:217,0
DA:218,0
DA:219,0
DA:220,0
DA:221,0
DA:222,0
DA:223,0
DA:224,0
DA:225,1
DA:226,1
DA:227,1
DA:228,1
DA:229,1
DA:230,1
DA:231,1
DA:232,1
DA:233,1
DA:234,1
DA:235,0
DA:236,1
DA:237,1
DA:238,1
DA:239,0
DA:240,1
DA:241,1
DA:242,1
DA:243,1
DA:244,1
DA:245,0
DA:246,0
DA:247,0
DA:248,0
DA:249,0
DA:250,0
DA:251,1
DA:252,1
DA:253,1
DA:254,1
DA:255,1
DA:256,1
DA:257,1
DA:258,1
DA:259,4
DA:260,0
DA:261,0
DA:262,4
DA:263,1
DA:264,1
DA:265,1
DA:266,1
DA:267,1
DA:268,1
DA:269,1
DA:270,1
DA:271,1
DA:272,1
DA:273,1
DA:274,1
DA:275,1
DA:276,1
DA:277,1
DA:278,1
DA:279,1
DA:280,1
DA:281,1
DA:282,1
DA:283,1
DA:284,1
DA:285,1
DA:286,1
DA:287,1
DA:288,1
DA:289,1
DA:290,1
DA:291,4
DA:292,4
DA:293,1
DA:294,1
DA:295,1
DA:296,1
DA:297,1
DA:298,1
DA:299,1
DA:300,1
DA:301,0
DA:302,1
DA:303,1
DA:304,1
DA:305,1
DA:306,1
DA:307,1
DA:308,1
DA:309,1
DA:310,1
DA:311,1
DA:312,1
DA:313,1
DA:314,1
DA:315,1
DA:316,1
DA:317,1
DA:318,1
DA:319,0
DA:320,0
DA:321,1
DA:322,1
DA:323,1
DA:324,1
LF:324
LH:227
BRDA:1,0,0,1
BRDA:2,1,0,0
BRDA:2,2,0,0
BRDA:8,3,0,0
BRDA:11,4,0,1
BRDA:125,5,0,25
BRDA:207,6,0,1
BRDA:208,7,0,0
BRDA:212,8,0,0
BRDA:258,9,0,4
BRDA:290,10,0,4
BRF:11
BRH:6
end_of_record
