TN:
SF:unitTestingTask.js
FN:23,leadingZeroes
FN:40,YYYY
FN:43,YY
FN:46,MMMM
FN:49,MMM
FN:52,MM
FN:55,M
FN:58,DDD
FN:61,DD
FN:64,D
FN:67,dd
FN:70,d
FN:73,HH
FN:76,H
FN:79,hh
FN:82,h
FN:85,mm
FN:88,m
FN:91,ss
FN:94,s
FN:97,ff
FN:100,f
FN:103,A
FN:106,a
FN:109,ZZ
FN:119,Z
FN:170,unitTestingTask
FN:207,unitTestingTask.lang
FN:235,months
FN:239,monthsShort
FN:245,meridiem
FN:259,createFormatter
FN:291,unitTestingTask.register
FN:301,unitTestingTask.formatters
FN:319,unitTestingTask.noConflict
FNF:35
FNH:34
FNDA:27,leadingZeroes
FNDA:6,YYYY
FNDA:1,YY
FNDA:2,MMMM
FNDA:1,MMM
FNDA:6,MM
FNDA:1,M
FNDA:1,DDD
FNDA:1,DD
FNDA:1,D
FNDA:6,dd
FNDA:1,d
FNDA:1,HH
FNDA:1,H
FNDA:2,hh
FNDA:1,h
FNDA:2,mm
FNDA:1,m
FNDA:2,ss
FNDA:1,s
FNDA:1,ff
FNDA:1,f
FNDA:1,A
FNDA:1,a
FNDA:3,ZZ
FNDA:2,Z
FNDA:10,unitTestingTask
FNDA:11,unitTestingTask.lang
FNDA:2,months
FNDA:1,monthsShort
FNDA:2,meridiem
FNDA:5,createFormatter
FNDA:5,unitTestingTask.register
FNDA:1,unitTestingTask.formatters
FNDA:0,unitTestingTask.noConflict
DA:1,1
DA:2,1
DA:3,0
DA:4,0
DA:5,0
DA:6,1
DA:7,1
DA:8,1
DA:9,0
DA:10,0
DA:11,1
DA:12,1
DA:13,1
DA:14,1
DA:15,1
DA:16,1
DA:17,1
DA:18,1
DA:19,1
DA:20,1
DA:21,1
DA:22,1
DA:23,1
DA:24,27
DA:25,27
DA:26,27
DA:27,27
DA:28,0
DA:29,0
DA:30,27
DA:31,27
DA:32,27
DA:33,27
DA:34,27
DA:35,27
DA:36,1
DA:37,1
DA:38,1
DA:39,1
DA:40,1
DA:41,6
DA:42,1
DA:43,1
DA:44,1
DA:45,1
DA:46,1
DA:47,2
DA:48,1
DA:49,1
DA:50,1
DA:51,1
DA:52,1
DA:53,6
DA:54,1
DA:55,1
DA:56,1
DA:57,1
DA:58,1
DA:59,1
DA:60,1
DA:61,1
DA:62,1
DA:63,1
DA:64,1
DA:65,1
DA:66,1
DA:67,1
DA:68,6
DA:69,1
DA:70,1
DA:71,1
DA:72,1
DA:73,1
DA:74,1
DA:75,1
DA:76,1
DA:77,1
DA:78,1
DA:79,1
DA:80,2
DA:81,1
DA:82,1
DA:83,1
DA:84,1
DA:85,1
DA:86,2
DA:87,1
DA:88,1
DA:89,1
DA:90,1
DA:91,1
DA:92,2
DA:93,1
DA:94,1
DA:95,1
DA:96,1
DA:97,1
DA:98,1
DA:99,1
DA:100,1
DA:101,1
DA:102,1
DA:103,1
DA:104,1
DA:105,1
DA:106,1
DA:107,1
DA:108,1
DA:109,1
DA:110,3
DA:111,3
DA:112,3
DA:113,3
DA:114,3
DA:115,3
DA:116,3
DA:117,3
DA:118,1
DA:119,1
DA:120,2
DA:121,2
DA:122,1
DA:123,1
DA:124,1
DA:125,1
DA:126,25
DA:127,25
DA:128,25
DA:129,25
DA:130,1
DA:131,1
DA:132,1
DA:133,1
DA:134,1
DA:135,1
DA:136,1
DA:137,1
DA:138,1
DA:139,1
DA:140,1
DA:141,1
DA:142,1
DA:143,1
DA:144,1
DA:145,1
DA:146,1
DA:147,1
DA:148,1
DA:149,1
DA:150,1
DA:151,1
DA:152,1
DA:153,1
DA:154,1
DA:155,1
DA:156,1
DA:157,1
DA:158,1
DA:159,1
DA:160,1
DA:161,1
DA:162,1
DA:163,1
DA:164,1
DA:165,1
DA:166,1
DA:167,1
DA:168,1
DA:169,1
DA:170,1
DA:171,10
DA:172,1
DA:173,1
DA:174,9
DA:175,10
DA:176,1
DA:177,1
DA:178,8
DA:179,10
DA:180,10
DA:181,10
DA:182,10
DA:183,10
DA:184,1
DA:185,10
DA:186,7
DA:187,45
DA:188,7
DA:189,7
DA:190,10
DA:191,1
DA:192,1
DA:193,1
DA:194,1
DA:195,1
DA:196,1
DA:197,1
DA:198,1
DA:199,1
DA:200,1
DA:201,1
DA:202,1
DA:203,1
DA:204,1
DA:205,1
DA:206,1
DA:207,1
DA:208,11
DA:209,11
DA:210,10
DA:211,10
DA:212,1
DA:213,11
DA:214,0
DA:215,0
DA:216,0
DA:217,0
DA:218,0
DA:219,0
DA:220,0
DA:221,0
DA:222,0
DA:223,0
DA:224,0
DA:225,0
DA:226,1
DA:227,1
DA:228,1
DA:229,1
DA:230,1
DA:231,1
DA:232,1
DA:233,1
DA:234,1
DA:235,1
DA:236,2
DA:237,1
DA:238,1
DA:239,1
DA:240,1
DA:241,1
DA:242,1
DA:243,1
DA:244,1
DA:245,1
DA:246,2
DA:247,0
DA:248,2
DA:249,2
DA:250,2
DA:251,2
DA:252,1
DA:253,1
DA:254,1
DA:255,1
DA:256,1
DA:257,1
DA:258,1
DA:259,1
DA:260,5
DA:261,2
DA:262,2
DA:263,5
DA:264,1
DA:265,1
DA:266,1
DA:267,1
DA:268,1
DA:269,1
DA:270,1
DA:271,1
DA:272,1
DA:273,1
DA:274,1
DA:275,1
DA:276,1
DA:277,1
DA:278,1
DA:279,1
DA:280,1
DA:281,1
DA:282,1
DA:283,1
DA:284,1
DA:285,1
DA:286,1
DA:287,1
DA:288,1
DA:289,1
DA:290,1
DA:291,1
DA:292,5
DA:293,5
DA:294,1
DA:295,1
DA:296,1
DA:297,1
DA:298,1
DA:299,1
DA:300,1
DA:301,1
DA:302,1
DA:303,1
DA:304,1
DA:305,1
DA:306,1
DA:307,1
DA:308,1
DA:309,1
DA:310,1
DA:311,1
DA:312,1
DA:313,1
DA:314,1
DA:315,1
DA:316,1
DA:317,1
DA:318,1
DA:319,1
DA:320,0
DA:321,0
DA:322,1
DA:323,1
DA:324,1
DA:325,1
LF:325
LH:303
BRDA:1,0,0,1
BRDA:2,1,0,0
BRDA:2,2,0,0
BRDA:8,3,0,0
BRDA:11,4,0,1
BRDA:125,5,0,25
BRDA:23,6,0,27
BRDA:25,7,0,1
BRDA:25,8,0,26
BRDA:27,9,0,0
BRDA:32,10,0,22
BRDA:40,11,0,6
BRDA:43,12,0,1
BRDA:46,13,0,2
BRDA:49,14,0,1
BRDA:52,15,0,6
BRDA:55,16,0,1
BRDA:58,17,0,1
BRDA:61,18,0,1
BRDA:64,19,0,1
BRDA:67,20,0,6
BRDA:70,21,0,1
BRDA:73,22,0,1
BRDA:76,23,0,1
BRDA:79,24,0,2
BRDA:80,25,0,1
BRDA:82,26,0,1
BRDA:83,27,0,0
BRDA:85,28,0,2
BRDA:88,29,0,1
BRDA:91,30,0,2
BRDA:94,31,0,1
BRDA:97,32,0,1
BRDA:100,33,0,1
BRDA:103,34,0,1
BRDA:106,35,0,1
BRDA:109,36,0,3
BRDA:113,37,0,0
BRDA:115,38,0,1
BRDA:119,39,0,2
BRDA:170,40,0,10
BRDA:171,41,0,1
BRDA:173,42,0,9
BRDA:175,43,0,8
BRDA:175,44,0,4
BRDA:175,45,0,3
BRDA:175,46,0,1
BRDA:177,47,0,8
BRDA:179,48,0,7
BRDA:179,49,0,4
BRDA:179,50,0,3
BRDA:179,51,0,1
BRDA:183,52,0,1
BRDA:185,53,0,7
BRDA:186,54,0,45
BRDA:207,55,0,11
BRDA:209,56,0,10
BRDA:211,57,0,1
BRDA:213,58,0,0
BRDA:225,59,0,1
BRDA:235,60,0,2
BRDA:239,61,0,1
BRDA:245,62,0,2
BRDA:246,63,0,0
BRDA:249,64,0,1
BRDA:249,65,0,1
BRDA:259,66,0,5
BRDA:260,67,0,2
BRDA:291,68,0,5
BRDA:301,69,0,1
BRF:70
BRH:62
end_of_record
